SF:lib\models\cart_model.dart
DA:11,2
DA:18,10
DA:27,6
DA:29,15
DA:31,12
DA:33,2
DA:39,2
DA:41,4
DA:42,2
DA:43,8
DA:44,4
DA:45,4
DA:48,2
DA:49,8
DA:51,4
DA:52,2
DA:60,2
DA:63,2
DA:64,2
DA:65,1
DA:68,4
DA:69,4
DA:70,6
DA:71,2
DA:74,2
DA:75,4
DA:76,2
DA:79,2
DA:80,4
DA:81,2
DA:85,1
DA:86,2
DA:89,3
DA:90,3
DA:91,1
DA:92,1
DA:93,1
DA:94,1
DA:96,1
DA:99,2
DA:100,1
DA:103,3
LF:42
LH:42
end_of_record
SF:lib\models\product.dart
DA:21,2
DA:36,2
LF:2
LH:2
end_of_record
SF:lib\widgets\adaptive_image.dart
DA:12,5
DA:20,6
DA:22,12
DA:23,3
DA:24,3
DA:25,3
DA:26,3
DA:27,3
DA:28,6
DA:32,5
DA:33,5
DA:34,5
DA:35,5
DA:36,5
DA:37,0
DA:41,6
DA:42,3
LF:17
LH:16
end_of_record
SF:lib\widgets\product_card.dart
DA:8,3
DA:10,3
DA:12,3
DA:13,3
DA:14,3
DA:16,3
DA:18,3
DA:19,3
DA:20,3
DA:21,3
DA:22,3
DA:23,6
DA:29,3
DA:30,6
DA:36,6
DA:42,3
DA:43,6
DA:44,1
DA:45,1
DA:46,1
DA:47,3
DA:55,1
DA:56,3
DA:67,3
DA:68,9
LF:25
LH:25
end_of_record
SF:lib\widgets\app_footer.dart
DA:8,2
DA:10,3
DA:12,0
DA:14,3
DA:16,3
DA:18,3
DA:20,3
DA:21,3
DA:22,3
DA:23,6
DA:26,0
DA:28,0
DA:51,0
DA:53,0
DA:59,0
DA:61,0
DA:67,0
DA:69,0
DA:95,0
DA:97,0
DA:99,0
DA:115,3
DA:117,3
DA:137,3
DA:138,3
DA:140,3
DA:150,3
DA:152,3
DA:158,3
DA:160,3
DA:166,3
DA:168,3
DA:177,3
DA:178,3
DA:180,3
DA:190,3
DA:191,3
DA:204,3
DA:206,3
DA:226,3
DA:227,3
DA:228,9
LF:42
LH:30
end_of_record
SF:lib\widgets\home_hero_carousel.dart
DA:6,1
DA:8,2
DA:9,2
DA:41,2
DA:43,2
DA:46,4
DA:49,0
DA:50,0
DA:52,0
DA:53,0
DA:55,0
DA:61,0
DA:64,2
DA:66,2
DA:69,2
DA:70,2
DA:72,2
DA:73,2
DA:74,4
DA:75,0
DA:76,0
DA:78,2
DA:79,4
DA:81,2
DA:83,2
DA:85,2
DA:86,2
DA:91,2
DA:96,2
DA:97,2
DA:99,2
DA:101,2
DA:102,2
DA:103,2
DA:112,2
DA:113,2
DA:122,2
DA:123,0
DA:124,0
DA:126,2
DA:137,2
DA:138,2
DA:155,2
DA:159,2
DA:160,2
DA:161,2
DA:162,4
DA:177,2
DA:181,2
DA:185,0
DA:186,0
DA:187,0
DA:188,0
DA:198,2
DA:202,2
DA:206,0
DA:207,0
DA:208,0
DA:209,0
LF:59
LH:41
end_of_record
SF:lib\product_page.dart
DA:10,1
DA:12,1
DA:13,1
DA:24,1
DA:26,3
DA:28,1
DA:30,1
DA:44,0
DA:47,0
DA:48,0
DA:49,0
DA:53,0
DA:54,0
DA:55,0
DA:56,0
DA:57,0
DA:62,0
DA:63,0
DA:79,0
DA:82,0
DA:83,0
DA:85,0
DA:90,0
DA:91,0
DA:93,0
DA:95,0
DA:97,0
DA:99,0
DA:100,0
DA:102,0
DA:111,0
DA:113,0
DA:115,0
DA:116,0
DA:117,0
DA:118,0
DA:120,0
DA:123,0
DA:125,0
DA:128,0
DA:129,0
DA:137,0
DA:138,0
DA:140,0
DA:141,0
DA:143,0
DA:148,0
DA:150,0
DA:151,0
DA:152,0
DA:153,0
DA:155,0
DA:158,0
DA:160,0
DA:163,0
DA:164,0
DA:173,0
DA:174,0
DA:176,0
DA:177,0
DA:179,0
DA:181,0
DA:182,0
DA:183,0
DA:190,0
DA:192,0
DA:194,0
DA:195,0
DA:196,0
DA:204,0
DA:205,0
DA:206,0
DA:211,0
DA:212,0
DA:213,0
DA:214,0
DA:216,0
DA:217,0
DA:218,0
DA:219,0
DA:220,0
DA:221,0
DA:224,0
DA:231,0
DA:232,0
DA:235,0
DA:236,0
DA:237,0
DA:240,0
DA:242,0
DA:243,0
DA:244,0
DA:262,0
DA:272,0
DA:274,0
DA:275,0
DA:276,0
DA:277,0
DA:279,0
DA:281,0
DA:283,0
DA:284,0
DA:293,0
DA:294,0
DA:295,0
DA:304,0
DA:315,0
DA:317,0
DA:319,0
DA:330,0
DA:331,0
DA:341,0
DA:351,0
DA:352,0
DA:362,0
DA:372,0
DA:373,0
DA:374,0
DA:376,0
DA:379,0
DA:380,0
DA:381,0
DA:389,0
DA:391,0
DA:392,0
DA:393,0
DA:394,0
DA:395,0
DA:396,0
DA:397,0
DA:398,0
DA:399,0
DA:401,0
DA:405,0
DA:409,0
DA:410,0
DA:426,0
DA:428,0
DA:429,0
DA:432,0
DA:434,0
DA:435,0
DA:437,0
DA:445,0
DA:446,0
DA:447,0
DA:449,0
DA:451,0
DA:457,0
DA:468,0
DA:469,0
DA:477,0
DA:478,0
DA:479,0
DA:480,0
DA:481,0
DA:482,0
DA:485,0
DA:488,0
LF:159
LH:7
end_of_record
SF:lib\about_page.dart
DA:6,1
DA:8,0
DA:10,0
DA:15,0
DA:17,0
DA:19,0
DA:20,0
DA:21,0
DA:22,0
DA:24,0
DA:27,0
DA:31,0
DA:32,0
DA:45,0
DA:46,0
DA:47,0
LF:16
LH:1
end_of_record
SF:lib\widgets\app_header.dart
DA:10,2
DA:12,2
DA:13,2
DA:15,2
DA:23,2
DA:25,4
DA:26,2
DA:29,0
DA:30,0
DA:31,0
DA:33,0
DA:34,0
DA:37,0
DA:38,0
DA:39,0
DA:44,2
DA:46,8
DA:48,0
DA:49,0
DA:50,0
DA:53,0
DA:54,0
DA:57,2
DA:58,6
DA:60,2
DA:61,2
DA:63,2
DA:75,0
DA:80,0
DA:81,2
DA:82,2
DA:95,2
DA:101,2
DA:103,2
DA:104,2
DA:106,2
DA:108,2
DA:118,2
DA:119,2
DA:120,2
DA:125,2
DA:127,0
DA:130,2
DA:132,0
DA:134,2
DA:136,0
DA:141,2
DA:144,2
DA:146,2
DA:148,2
DA:149,0
DA:151,0
DA:152,0
DA:153,0
DA:154,0
DA:161,0
DA:162,0
DA:164,0
DA:165,0
DA:168,0
DA:174,0
DA:180,0
DA:191,0
DA:192,0
DA:193,0
DA:197,2
DA:199,2
DA:210,0
DA:212,0
DA:213,0
DA:217,0
DA:218,0
DA:226,2
DA:237,0
DA:238,0
DA:242,2
DA:243,1
DA:244,1
DA:245,1
DA:247,1
DA:248,1
DA:259,0
DA:261,0
DA:262,0
DA:265,1
DA:266,0
DA:269,0
DA:272,0
DA:274,0
DA:276,0
DA:277,0
DA:293,0
DA:304,0
DA:305,0
DA:307,0
DA:308,0
DA:322,0
DA:323,0
DA:326,0
DA:327,0
DA:328,0
DA:329,0
DA:331,0
DA:332,0
DA:334,0
DA:335,0
DA:340,0
DA:341,0
DA:343,0
DA:344,0
DA:347,0
DA:358,0
DA:365,0
DA:373,0
DA:374,0
DA:375,0
DA:388,2
DA:389,2
DA:391,2
DA:393,2
DA:394,2
DA:395,2
DA:397,2
DA:398,4
DA:422,2
DA:424,0
DA:425,0
DA:433,0
DA:435,0
DA:437,0
DA:439,0
DA:440,0
DA:441,0
DA:443,0
DA:455,0
DA:458,0
DA:459,0
DA:460,0
DA:461,0
DA:462,0
DA:463,0
DA:465,0
DA:472,0
DA:473,0
DA:475,0
DA:476,0
DA:477,0
DA:478,0
DA:479,0
DA:480,0
DA:481,0
DA:483,0
DA:487,0
DA:492,0
DA:493,0
DA:495,0
DA:496,0
DA:503,0
DA:509,0
DA:510,0
DA:511,0
DA:515,0
DA:516,0
DA:522,0
DA:523,0
DA:524,0
DA:528,0
DA:534,0
DA:535,0
DA:538,0
DA:539,0
DA:540,0
DA:541,0
DA:543,0
DA:544,0
DA:550,0
DA:551,0
DA:554,0
DA:555,0
DA:558,0
DA:561,0
DA:563,0
DA:565,0
DA:566,0
DA:579,0
DA:585,0
DA:586,0
DA:597,0
DA:598,0
DA:599,0
DA:608,0
DA:609,0
DA:610,0
DA:611,0
DA:612,0
DA:613,0
DA:614,0
DA:615,0
DA:620,0
DA:621,0
DA:622,0
DA:624,0
DA:625,0
DA:631,0
DA:634,0
DA:635,0
DA:636,0
DA:643,0
DA:646,0
DA:647,0
DA:648,0
DA:655,0
DA:657,0
DA:658,0
DA:664,0
DA:666,0
DA:667,0
DA:675,0
DA:676,0
DA:677,0
DA:680,0
DA:681,0
DA:682,0
DA:687,0
DA:689,0
DA:690,0
DA:694,0
DA:696,0
DA:697,0
DA:701,0
DA:703,0
DA:704,0
DA:708,0
DA:710,0
DA:711,0
DA:719,0
DA:720,0
DA:721,0
DA:724,0
DA:725,0
DA:726,0
DA:731,0
DA:733,0
DA:734,0
DA:738,0
DA:740,0
DA:741,0
LF:247
LH:51
end_of_record
SF:lib\authentication.dart
DA:6,1
DA:8,0
DA:9,0
DA:19,0
DA:21,0
DA:22,0
DA:23,0
DA:26,0
DA:27,0
DA:28,0
DA:33,0
DA:34,0
DA:35,0
DA:37,0
DA:38,0
DA:41,0
DA:42,0
DA:46,0
DA:47,0
DA:48,0
DA:52,0
DA:53,0
DA:55,0
DA:57,0
DA:58,0
DA:59,0
DA:62,0
DA:63,0
DA:67,0
DA:70,0
DA:73,0
DA:76,0
DA:81,0
DA:82,0
DA:84,0
DA:85,0
DA:87,0
DA:88,0
DA:94,0
DA:95,0
DA:96,0
DA:98,0
DA:99,0
DA:102,0
DA:103,0
DA:107,0
DA:108,0
DA:109,0
DA:113,0
DA:114,0
DA:116,0
DA:118,0
DA:119,0
DA:120,0
DA:123,0
DA:124,0
DA:127,0
DA:130,0
DA:133,0
DA:139,0
DA:140,0
DA:142,0
DA:143,0
DA:145,0
DA:146,0
DA:151,0
DA:155,0
DA:157,0
DA:158,0
DA:160,0
DA:162,0
DA:163,0
DA:165,0
DA:170,0
DA:172,0
DA:228,0
DA:230,0
DA:231,0
DA:232,0
DA:236,0
DA:237,0
DA:244,0
DA:288,0
DA:289,0
DA:291,0
DA:293,0
DA:294,0
DA:296,0
DA:297,0
DA:314,0
DA:315,0
DA:317,0
DA:319,0
DA:320,0
DA:322,0
DA:323,0
DA:340,0
DA:342,0
DA:343,0
DA:344,0
DA:346,0
DA:351,0
DA:352,0
DA:366,0
DA:367,0
DA:374,0
DA:376,0
DA:377,0
LF:108
LH:1
end_of_record
SF:lib\cart_page.dart
DA:8,1
DA:10,0
DA:14,0
DA:16,0
DA:17,0
DA:19,0
DA:22,0
DA:23,0
DA:35,0
DA:36,0
DA:37,0
DA:38,0
DA:41,0
DA:44,0
DA:46,0
DA:55,0
DA:56,0
DA:58,0
DA:60,0
DA:63,0
DA:66,0
DA:74,1
DA:76,0
DA:93,0
DA:95,0
DA:97,0
DA:99,0
DA:101,0
DA:103,0
DA:153,0
DA:155,0
DA:158,0
DA:159,0
DA:160,0
DA:162,0
DA:164,0
DA:167,0
DA:171,0
DA:189,0
DA:191,0
DA:193,0
DA:194,0
DA:195,0
DA:197,0
DA:199,0
DA:201,0
DA:203,0
DA:205,0
DA:207,0
DA:208,0
DA:212,0
DA:213,0
DA:214,0
DA:217,0
DA:218,0
DA:220,0
DA:224,0
DA:225,0
DA:227,0
DA:228,0
DA:229,0
DA:236,0
DA:237,0
DA:238,0
DA:244,0
DA:245,0
DA:246,0
DA:252,0
DA:253,0
DA:254,0
DA:255,0
DA:257,0
DA:272,0
DA:274,0
DA:275,0
DA:281,0
DA:283,0
DA:285,0
DA:295,0
DA:296,0
DA:297,0
DA:304,0
DA:306,0
DA:308,0
DA:309,0
DA:321,1
DA:323,0
DA:325,0
DA:349,1
DA:351,0
DA:353,0
DA:354,0
DA:355,0
DA:363,0
DA:368,0
DA:370,0
DA:372,0
DA:373,0
DA:375,0
DA:383,0
DA:384,0
DA:401,0
DA:403,0
DA:404,0
DA:405,0
DA:406,0
DA:410,0
DA:413,0
DA:422,0
DA:423,0
DA:424,0
DA:426,0
DA:427,0
DA:433,0
DA:435,0
DA:437,0
DA:438,0
DA:442,0
DA:443,0
DA:444,0
DA:445,0
DA:446,0
DA:447,0
DA:456,0
DA:457,0
LF:125
LH:4
end_of_record
SF:lib\clothing.dart
DA:6,1
DA:9,0
DA:53,0
DA:55,0
DA:57,0
LF:5
LH:1
end_of_record
SF:lib\specific_collection_page.dart
DA:12,1
DA:19,0
DA:20,0
DA:30,0
DA:31,0
DA:34,0
DA:35,0
DA:36,0
DA:38,0
DA:39,0
DA:41,0
DA:42,0
DA:44,0
DA:45,0
DA:53,0
DA:54,0
DA:55,0
DA:57,0
DA:58,0
DA:60,0
DA:61,0
DA:63,0
DA:64,0
DA:74,0
DA:76,0
DA:77,0
DA:78,0
DA:82,0
DA:84,0
DA:85,0
DA:86,0
DA:90,0
DA:91,0
DA:92,0
DA:93,0
DA:97,0
DA:98,0
DA:99,0
DA:100,0
DA:104,0
DA:106,0
DA:108,0
DA:109,0
DA:111,0
DA:112,0
DA:115,0
DA:116,0
DA:118,0
DA:120,0
DA:122,0
DA:124,0
DA:125,0
DA:127,0
DA:128,0
DA:129,0
DA:131,0
DA:132,0
DA:133,0
DA:137,0
DA:139,0
DA:140,0
DA:141,0
DA:142,0
DA:143,0
DA:144,0
DA:145,0
DA:148,0
DA:149,0
DA:150,0
DA:151,0
DA:152,0
DA:153,0
DA:154,0
DA:158,0
DA:159,0
DA:160,0
DA:162,0
DA:165,0
DA:169,0
DA:170,0
DA:172,0
DA:178,0
DA:179,0
DA:180,0
DA:206,0
DA:208,0
DA:214,0
DA:215,0
DA:216,0
DA:245,0
DA:248,0
DA:249,0
DA:256,0
DA:257,0
DA:259,0
DA:260,0
DA:262,0
DA:265,0
DA:269,0
DA:275,0
DA:276,0
DA:277,0
DA:278,0
DA:284,0
DA:287,0
DA:288,0
DA:290,0
DA:291,0
DA:292,0
DA:293,0
DA:298,0
DA:300,0
DA:301,0
DA:302,0
DA:309,0
LF:115
LH:1
end_of_record
SF:lib\collections_page.dart
DA:105,1
DA:107,0
DA:108,0
DA:111,0
DA:115,0
DA:117,0
DA:119,0
DA:121,0
DA:123,0
DA:124,0
DA:125,0
DA:127,0
DA:130,0
DA:134,0
DA:136,0
DA:147,0
DA:148,0
DA:149,0
DA:150,0
DA:161,0
DA:164,0
DA:167,0
DA:168,0
DA:173,0
DA:178,0
DA:183,0
DA:187,0
DA:188,0
DA:192,0
DA:193,0
DA:199,0
DA:201,0
DA:202,0
DA:203,0
DA:210,0
DA:215,0
DA:243,0
DA:251,0
DA:253,0
DA:254,0
DA:255,0
DA:257,0
DA:259,0
DA:260,0
DA:261,0
DA:262,0
DA:267,0
DA:268,0
DA:269,0
DA:270,0
DA:271,0
DA:272,0
DA:273,0
DA:275,0
DA:276,0
DA:277,0
DA:280,0
DA:283,0
DA:284,0
DA:285,0
LF:60
LH:1
end_of_record
SF:lib\models\personalisation_product.dart
DA:9,1
LF:1
LH:1
end_of_record
SF:lib\print_shack_personalisation.dart
DA:13,0
DA:18,0
DA:20,0
DA:36,0
DA:38,0
DA:41,0
DA:43,0
DA:45,0
DA:47,0
DA:48,0
DA:51,0
DA:53,0
DA:54,0
DA:55,0
DA:56,0
DA:57,0
DA:58,0
DA:61,0
DA:62,0
DA:63,0
DA:64,0
DA:68,0
DA:69,0
DA:70,0
DA:71,0
DA:74,0
DA:75,0
DA:83,0
DA:84,0
DA:93,0
DA:95,0
DA:96,0
DA:99,0
DA:100,0
DA:101,0
DA:102,0
DA:106,0
DA:107,0
DA:109,0
DA:110,0
DA:111,0
DA:116,0
DA:118,0
DA:121,0
DA:122,0
DA:123,0
DA:125,0
DA:126,0
DA:127,0
DA:128,0
DA:132,0
DA:146,0
DA:147,0
DA:149,0
DA:151,0
DA:153,0
DA:155,0
DA:156,0
DA:158,0
DA:166,0
DA:168,0
DA:176,0
DA:177,0
DA:179,0
DA:180,0
DA:182,0
DA:184,0
DA:191,0
DA:192,0
DA:194,0
DA:195,0
DA:197,0
DA:199,0
DA:200,0
DA:201,0
DA:208,0
DA:210,0
DA:212,0
DA:213,0
DA:214,0
DA:222,0
DA:223,0
DA:224,0
DA:228,0
DA:229,0
DA:230,0
DA:231,0
DA:233,0
DA:234,0
DA:235,0
DA:236,0
DA:237,0
DA:238,0
DA:241,0
DA:250,0
DA:251,0
DA:253,0
DA:255,0
DA:256,0
DA:257,0
DA:264,0
DA:265,0
DA:272,0
DA:274,0
DA:276,0
DA:282,0
DA:284,0
DA:290,0
DA:291,0
DA:297,0
DA:299,0
DA:300,0
DA:301,0
DA:302,0
DA:303,0
DA:305,0
DA:308,0
DA:309,0
DA:310,0
DA:312,0
DA:325,0
DA:326,0
DA:327,0
DA:331,0
DA:337,0
DA:338,0
DA:339,0
DA:344,0
DA:347,0
DA:351,0
DA:352,0
DA:354,0
DA:355,0
DA:357,0
DA:360,0
DA:363,0
DA:365,0
DA:367,0
DA:368,0
DA:370,0
DA:371,0
DA:373,0
DA:374,0
DA:377,0
DA:389,0
DA:392,0
DA:401,0
DA:404,0
DA:405,0
DA:406,0
DA:408,0
DA:410,0
DA:419,0
DA:420,0
DA:423,0
DA:424,0
DA:425,0
DA:428,0
DA:430,0
DA:431,0
DA:432,0
DA:440,0
DA:441,0
DA:444,0
DA:445,0
DA:450,0
DA:451,0
DA:452,0
DA:453,0
DA:455,0
DA:456,0
LF:171
LH:0
end_of_record
SF:lib\firebase_options.dart
DA:18,0
DA:22,0
DA:23,0
DA:25,0
DA:27,0
DA:29,0
DA:31,0
DA:32,0
DA:37,0
LF:9
LH:0
end_of_record
SF:lib\halloween_page.dart
DA:7,1
DA:24,0
DA:27,0
DA:28,0
LF:4
LH:1
end_of_record
SF:lib\main.dart
DA:27,0
DA:28,0
DA:30,0
DA:31,0
DA:34,0
DA:38,1
DA:40,1
DA:42,1
DA:43,2
DA:44,1
DA:47,1
DA:48,1
DA:53,1
DA:54,1
DA:55,0
DA:56,0
DA:59,0
DA:62,0
DA:63,0
DA:64,0
DA:65,0
DA:66,0
DA:67,0
DA:68,0
DA:70,0
DA:71,0
DA:72,0
DA:87,0
DA:90,0
DA:91,0
DA:99,1
DA:183,0
DA:184,0
DA:187,0
DA:188,0
DA:191,0
DA:192,0
DA:195,0
DA:196,0
DA:199,0
DA:200,0
DA:203,0
DA:204,0
DA:207,0
DA:208,0
DA:211,0
DA:212,0
DA:215,0
DA:216,0
DA:219,0
DA:220,0
DA:223,0
DA:224,0
DA:227,0
DA:228,0
DA:231,0
DA:232,0
DA:235,0
DA:236,0
DA:239,0
DA:243,1
DA:245,1
DA:247,1
DA:248,1
DA:249,1
DA:254,1
DA:262,1
DA:270,1
DA:293,1
DA:300,1
DA:302,1
DA:305,3
DA:306,1
DA:307,1
DA:309,1
DA:311,1
DA:312,1
DA:313,1
DA:322,1
DA:323,1
DA:324,2
DA:327,1
DA:330,2
DA:331,1
DA:338,1
DA:339,3
LF:86
LH:36
end_of_record
SF:lib\sale.dart
DA:7,1
DA:10,0
DA:11,0
DA:18,0
DA:25,0
DA:31,0
DA:38,0
DA:45,0
DA:52,0
DA:60,0
DA:62,0
DA:65,0
LF:12
LH:1
end_of_record
SF:lib\merch_page.dart
DA:6,1
DA:9,0
DA:10,0
DA:13,0
DA:14,0
DA:17,0
DA:18,0
DA:21,0
DA:22,0
DA:25,0
DA:26,0
DA:29,0
DA:34,0
DA:54,0
DA:56,0
DA:58,0
LF:16
LH:1
end_of_record
SF:lib\signature_page.dart
DA:6,1
DA:9,0
DA:30,0
DA:32,0
DA:34,0
LF:5
LH:1
end_of_record
SF:lib\the_print_shack.dart
DA:7,1
DA:9,0
DA:11,0
DA:13,0
DA:15,0
DA:17,0
DA:18,0
DA:19,0
DA:21,0
DA:24,0
DA:28,0
DA:30,0
DA:44,0
DA:45,0
DA:46,0
DA:47,0
DA:48,0
DA:52,0
DA:55,0
DA:62,0
DA:65,0
DA:66,0
DA:67,0
DA:75,0
DA:78,0
DA:80,0
DA:81,0
DA:87,0
DA:159,0
DA:161,0
DA:163,0
DA:164,0
DA:165,0
DA:166,0
DA:167,0
DA:168,0
DA:180,1
DA:185,0
DA:187,0
DA:189,0
DA:191,0
DA:193,0
DA:194,0
DA:195,0
DA:196,0
DA:201,0
DA:202,0
DA:203,0
LF:48
LH:2
end_of_record
SF:lib\search_delegate.dart
DA:9,0
DA:11,0
DA:12,0
DA:14,0
DA:19,0
DA:21,0
DA:23,0
DA:27,0
DA:29,0
DA:30,0
DA:31,0
DA:33,0
DA:37,0
DA:38,0
DA:39,0
DA:40,0
DA:41,0
DA:42,0
DA:43,0
DA:44,0
DA:45,0
DA:46,0
DA:57,0
DA:59,0
DA:60,0
DA:61,0
DA:63,0
DA:64,0
DA:65,0
DA:66,0
DA:67,0
DA:68,0
DA:69,0
DA:70,0
DA:71,0
LF:35
LH:0
end_of_record
SF:lib\widgets\shop_nav_dropdown.dart
DA:4,2
DA:6,2
DA:8,2
DA:9,0
DA:11,0
DA:14,0
DA:17,0
DA:20,0
DA:23,0
DA:28,0
DA:29,0
DA:36,0
LF:12
LH:3
end_of_record
SF:lib\widgets\print_shack_nav_dropdown.dart
DA:4,2
DA:6,2
DA:8,2
DA:9,0
DA:10,0
DA:14,0
DA:17,0
DA:23,0
DA:25,0
DA:32,0
LF:10
LH:3
end_of_record
